24-May-2022 14:32:36.105	info: Connecting to database irontimer...
24-May-2022 14:32:36.258	error: Authentication failed.
24-May-2022 14:35:12.295	info: Connecting to database irontimer...
24-May-2022 14:35:12.345	error: Authentication failed.
24-May-2022 14:36:08.764	info: Connecting to database irontimer...
24-May-2022 14:36:08.824	error: Authentication failed.
24-May-2022 14:36:50.599	info: Connecting to database irontimer...
24-May-2022 14:36:50.653	success: Connected to database
24-May-2022 14:36:50.653	info: Initializing Firebase app instance...
24-May-2022 14:36:50.675	success: Firebase app initialized
24-May-2022 14:36:50.675	info: Fetching live configuration...
24-May-2022 14:36:50.773	success: Live configuration fetched
24-May-2022 14:36:50.773	info: Connecting to redis...
24-May-2022 14:36:50.777	warning: Failed to connect to redis. Continuing in dev mode, running without redis.
24-May-2022 14:36:50.777	info: Starting cron jobs...
24-May-2022 14:36:50.805	success: Cron jobs started
24-May-2022 14:36:50.806	success: API server listening on port 3005
24-May-2022 14:36:56.308	info: Connecting to database irontimer...
24-May-2022 14:36:56.372	success: Connected to database
24-May-2022 14:36:56.372	info: Initializing Firebase app instance...
24-May-2022 14:36:56.387	success: Firebase app initialized
24-May-2022 14:36:56.387	info: Fetching live configuration...
24-May-2022 14:36:56.469	success: Live configuration fetched
24-May-2022 14:36:56.469	info: Connecting to redis...
24-May-2022 14:36:56.476	warning: Failed to connect to redis. Continuing in dev mode, running without redis.
24-May-2022 14:36:56.477	info: Starting cron jobs...
24-May-2022 14:36:56.489	success: Cron jobs started
24-May-2022 14:36:56.490	success: API server listening on port 3005
24-May-2022 14:37:21.343	info: Connecting to database irontimer...
24-May-2022 14:37:21.400	success: Connected to database
24-May-2022 14:37:21.400	info: Initializing Firebase app instance...
24-May-2022 14:37:21.420	success: Firebase app initialized
24-May-2022 14:37:21.420	info: Fetching live configuration...
24-May-2022 14:37:21.499	success: Live configuration fetched
24-May-2022 14:37:21.499	info: Connecting to redis...
24-May-2022 14:37:21.505	success: Connected to redis
24-May-2022 14:37:21.505	info: Initializing task queues...
24-May-2022 14:37:21.506	success: Task queues initialized
24-May-2022 14:37:21.506	info: Starting cron jobs...
24-May-2022 14:37:21.518	success: Cron jobs started
24-May-2022 14:37:21.519	success: API server listening on port 3005
24-May-2022 14:37:44.067	info: Connecting to database irontimer...
24-May-2022 14:37:44.116	success: Connected to database
24-May-2022 14:37:44.116	info: Initializing Firebase app instance...
24-May-2022 14:37:44.139	success: Firebase app initialized
24-May-2022 14:37:44.139	info: Fetching live configuration...
24-May-2022 14:37:44.214	success: Live configuration fetched
24-May-2022 14:37:44.214	info: Connecting to redis...
24-May-2022 14:37:44.220	success: Connected to redis
24-May-2022 14:37:44.220	info: Initializing task queues...
24-May-2022 14:37:44.221	success: Task queues initialized
24-May-2022 14:37:44.221	info: Starting cron jobs...
24-May-2022 14:37:44.233	success: Cron jobs started
24-May-2022 14:37:44.234	success: API server listening on port 3005
24-May-2022 14:37:49.089	info: Connecting to database irontimer...
24-May-2022 14:37:49.151	success: Connected to database
24-May-2022 14:37:49.151	info: Initializing Firebase app instance...
24-May-2022 14:37:49.165	success: Firebase app initialized
24-May-2022 14:37:49.165	info: Fetching live configuration...
24-May-2022 14:37:49.244	success: Live configuration fetched
24-May-2022 14:37:49.244	info: Connecting to redis...
24-May-2022 14:37:49.250	success: Connected to redis
24-May-2022 14:37:49.250	info: Initializing task queues...
24-May-2022 14:37:49.251	success: Task queues initialized
24-May-2022 14:37:49.251	info: Starting cron jobs...
24-May-2022 14:37:49.263	success: Cron jobs started
24-May-2022 14:37:49.264	success: API server listening on port 3005
